android/build/outputs/logs/manifest-merger-debug-report.txt
-- Merging decision tree log ---
data
INJECTED from src/main/AndroidManifest.xml:22:17-62
	android:scheme
		INJECTED from src/main/AndroidManifest.xml
		ADDED from src/main/AndroidManifest.xml:22:23-59
manifest
ADDED from src/main/AndroidManifest.xml:1:1-37:12
INJECTED from src/main/AndroidManifest.xml:1:1-37:12
INJECTED from src/main/AndroidManifest.xml:1:1-37:12
INJECTED from src/main/AndroidManifest.xml:1:1-37:12
INJECTED from src/main/AndroidManifest.xml:1:1-37:12
INJECTED from src/main/AndroidManifest.xml:1:1-37:12
INJECTED from src/main/AndroidManifest.xml:1:1-37:12
	package
		ADDED from src/main/AndroidManifest.xml:1:70-97
		INJECTED from src/main/AndroidManifest.xml
		INJECTED from src/main/AndroidManifest.xml
	android:versionName
		INJECTED from src/main/AndroidManifest.xml
		ADDED from src/main/AndroidManifest.xml:1:1-37:12
		INJECTED from src/main/AndroidManifest.xml
	android:versionCode
		INJECTED from src/main/AndroidManifest.xml
		ADDED from src/main/AndroidManifest.xml:1:1-37:12
		INJECTED from src/main/AndroidManifest.xml
	xmlns:android
		ADDED from src/main/AndroidManifest.xml:1:11-69
uses-permission#android.permission.GET_TASKS
ADDED from src/main/AndroidManifest.xml:3:5-68
	android:name
		ADDED from src/main/AndroidManifest.xml:3:22-65
uses-permission#android.permission.ACCESS_WIFI_STATE
ADDED from src/main/AndroidManifest.xml:4:5-76
	android:name
		ADDED from src/main/AndroidManifest.xml:4:22-73
uses-permission#android.permission.ACCESS_NETWORK_STATE
ADDED from src/main/AndroidManifest.xml:5:5-79
	android:name
		ADDED from src/main/AndroidManifest.xml:5:22-76
uses-permission#android.permission.CHANGE_WIFI_STATE
ADDED from src/main/AndroidManifest.xml:6:5-76
	android:name
		ADDED from src/main/AndroidManifest.xml:6:22-73
uses-permission#android.permission.WRITE_EXTERNAL_STORAGE
ADDED from src/main/AndroidManifest.xml:7:5-81
	android:name
		ADDED from src/main/AndroidManifest.xml:7:22-78
uses-permission#android.permission.READ_PHONE_STATE
ADDED from src/main/AndroidManifest.xml:8:5-75
	android:name
		ADDED from src/main/AndroidManifest.xml:8:22-72
uses-permission#android.permission.MANAGE_ACCOUNTS
ADDED from src/main/AndroidManifest.xml:9:5-73
	android:name
		ADDED from src/main/AndroidManifest.xml:9:22-71
uses-permission#android.permission.GET_ACCOUNTS
ADDED from src/main/AndroidManifest.xml:10:5-70
	android:name
		ADDED from src/main/AndroidManifest.xml:10:22-68
application
ADDED from src/main/AndroidManifest.xml:12:5-35:19
	android:supportsRtl
		ADDED from src/main/AndroidManifest.xml:13:9-35
	android:label
		ADDED from src/main/AndroidManifest.xml:12:45-77
	android:allowBackup
		ADDED from src/main/AndroidManifest.xml:12:18-44
activity#com.mob.tools.MobUIShell
ADDED from src/main/AndroidManifest.xml:14:9-27:20
	android:screenOrientation
		ADDED from src/main/AndroidManifest.xml:18:13-49
	android:windowSoftInputMode
		ADDED from src/main/AndroidManifest.xml:19:13-67
	android:configChanges
		ADDED from src/main/AndroidManifest.xml:17:13-74
	android:theme
		ADDED from src/main/AndroidManifest.xml:16:13-72
	android:name
		ADDED from src/main/AndroidManifest.xml:15:13-52
meta-data#AuthorizeAdapter
ADDED from src/main/AndroidManifest.xml:20:13-101
	android:value
		ADDED from src/main/AndroidManifest.xml:20:56-98
	android:name
		ADDED from src/main/AndroidManifest.xml:20:24-55
intent-filter#action:name:android.intent.action.VIEW+category:name:android.intent.category.BROWSABLE+category:name:android.intent.category.DEFAULT+data:scheme:tencent1106946240
ADDED from src/main/AndroidManifest.xml:21:13-26:29
action#android.intent.action.VIEW
ADDED from src/main/AndroidManifest.xml:23:17-69
	android:name
		ADDED from src/main/AndroidManifest.xml:23:25-66
category#android.intent.category.BROWSABLE
ADDED from src/main/AndroidManifest.xml:24:17-78
	android:name
		ADDED from src/main/AndroidManifest.xml:24:27-75
category#android.intent.category.DEFAULT
ADDED from src/main/AndroidManifest.xml:25:17-76
	android:name
		ADDED from src/main/AndroidManifest.xml:25:27-73
activity#com.qq.rnsharesdk.wxapi.WXEntryActivity
ADDED from src/main/AndroidManifest.xml:29:9-34:51
	android:screenOrientation
		ADDED from src/main/AndroidManifest.xml:34:13-49
	android:exported
		ADDED from src/main/AndroidManifest.xml:33:13-36
	android:configChanges
		ADDED from src/main/AndroidManifest.xml:32:13-74
	android:theme
		ADDED from src/main/AndroidManifest.xml:31:13-72
	android:name
		ADDED from src/main/AndroidManifest.xml:30:13-50
uses-sdk
INJECTED from src/main/AndroidManifest.xml reason: use-sdk injection requested
INJECTED from src/main/AndroidManifest.xml
INJECTED from src/main/AndroidManifest.xml
INJECTED from src/main/AndroidManifest.xml
INJECTED from src/main/AndroidManifest.xml
	android:targetSdkVersion
		INJECTED from src/main/AndroidManifest.xml
		ADDED from src/main/AndroidManifest.xml
		INJECTED from src/main/AndroidManifest.xml
	android:minSdkVersion
		INJECTED from src/main/AndroidManifest.xml
		ADDED from src/main/AndroidManifest.xml
		INJECTED from src/main/AndroidManifest.xml